1709107857227	geckodriver	INFO	Listening on 127.0.0.1:54815
1709107857460	mozrunner::runner	INFO	Running command: MOZ_CRASHREPORTER="1" MOZ_CRASHREPORTER_NO_REPORT="1" MOZ_CRASHREPORTER_SHUTDOWN="1" MOZ_NO_REMOTE="1" "/App ... s" "localhost" "-foreground" "-no-remote" "-profile" "/var/folders/ky/t9k62wdj4gx6s15rr8fkqjlm0000gn/T/rust_mozprofileTznCbp"
*** You are running in headless mode.
console.warn: services.settings: Ignoring preference override of remote settings server
console.warn: services.settings: Allow by setting MOZ_REMOTE_SETTINGS_DEVTOOLS=1 in the environment
1709107857981	Marionette	INFO	Marionette enabled
console.error: "Warning: unrecognized command line flag" "-remote-allow-hosts"
1709107858256	Marionette	INFO	Listening on port 54851
WebDriver BiDi listening on ws://127.0.0.1:54816
1709107858443	RemoteAgent	WARN	TLS certificate errors will be ignored for this session
[GFX1-]: RenderCompositorSWGL failed mapping default framebuffer, no dt
DevTools listening on ws://127.0.0.1:54816/devtools/browser/ad935cff-16c8-4e6c-b1db-ced7c9e93b42
1709107859550	geckodriver	INFO	Listening on 127.0.0.1:54888
1709107860056	mozrunner::runner	INFO	Running command: MOZ_CRASHREPORTER="1" MOZ_CRASHREPORTER_NO_REPORT="1" MOZ_CRASHREPORTER_SHUTDOWN="1" MOZ_NO_REMOTE="1" "/App ... s" "localhost" "-foreground" "-no-remote" "-profile" "/var/folders/ky/t9k62wdj4gx6s15rr8fkqjlm0000gn/T/rust_mozprofileqaUmBW"
*** You are running in headless mode.
console.warn: services.settings: Ignoring preference override of remote settings server
console.warn: services.settings: Allow by setting MOZ_REMOTE_SETTINGS_DEVTOOLS=1 in the environment
1709107860381	Marionette	INFO	Marionette enabled
console.error: "Warning: unrecognized command line flag" "-remote-allow-hosts"
1709107860655	Marionette	INFO	Listening on port 54894
WebDriver BiDi listening on ws://127.0.0.1:54889
1709107860846	RemoteAgent	WARN	TLS certificate errors will be ignored for this session
[GFX1-]: RenderCompositorSWGL failed mapping default framebuffer, no dt
DevTools listening on ws://127.0.0.1:54889/devtools/browser/72d009c2-9281-4ad2-a873-779d5b52cb4c
JavaScript error: , line 0: uncaught exception: undefined
JavaScript warning: https://assets.alicdn.com/g/secdev/sufei_data/3.9.14/index.js, line 1: WebGL context was lost.
JavaScript warning: https://aeis.alicdn.com/AWSC/et/1.70.8/et_n.js, line 5: WEBGL_debug_renderer_info is deprecated in Firefox and will be removed. Please use RENDERER.
JavaScript warning: https://aeis.alicdn.com/AWSC/et/1.70.8/et_n.js, line 6: WebGL context was lost.
JavaScript warning: https://aeis.alicdn.com/AWSC/et/1.70.8/et_n.js, line 3: WebGL context was lost.
JavaScript warning: https://aeis.alicdn.com/AWSC/uab/1.140.0/collina.js, line 4: WEBGL_debug_renderer_info is deprecated in Firefox and will be removed. Please use RENDERER.
JavaScript warning: https://aeis.alicdn.com/AWSC/fireyejs/1.227.0/fireyejs.js, line 1: WEBGL_debug_renderer_info is deprecated in Firefox and will be removed. Please use RENDERER.
1709107886302	Marionette	INFO	Stopped listening on port 54894
JavaScript warning: https://assets.alicdn.com/g/ae-fe/cosmos/0.0.229/pc/gep-sdk.js, line 1: Script terminated by timeout at:
te@https://assets.alicdn.com/g/ae-fe/cosmos/0.0.229/pc/gep-sdk.js:1:9870

1709107888103	addons.xpi	ERROR	System addon update list error SyntaxError: XMLHttpRequest.open: 'http://%(server)s/dummy-system-addons.xml' is not a valid URL.
JavaScript warning: https://assets.alicdn.com/g/secdev/sufei_data/3.9.14/index.js, line 1: WebGL context was lost.
JavaScript warning: https://aeis.alicdn.com/AWSC/et/1.70.8/et_n.js, line 5: WEBGL_debug_renderer_info is deprecated in Firefox and will be removed. Please use RENDERER.
JavaScript warning: https://aeis.alicdn.com/AWSC/et/1.70.8/et_n.js, line 6: WebGL context was lost.
JavaScript warning: https://aeis.alicdn.com/AWSC/et/1.70.8/et_n.js, line 3: WebGL context was lost.
JavaScript warning: https://aeis.alicdn.com/AWSC/uab/1.140.0/collina.js, line 4: WEBGL_debug_renderer_info is deprecated in Firefox and will be removed. Please use RENDERER.
JavaScript warning: https://aeis.alicdn.com/AWSC/fireyejs/1.227.0/fireyejs.js, line 1: WEBGL_debug_renderer_info is deprecated in Firefox and will be removed. Please use RENDERER.
JavaScript error: , line 0: uncaught exception: undefined
1709107904829	Marionette	INFO	Stopped listening on port 54851
